2020-05-03 09:27:38.008  INFO [licenses-service,,,] 19252 --- [kafka-coordinator-heartbeat-thread | licensingGroup] o.a.k.c.c.internals.AbstractCoordinator  : [Consumer clientId=consumer-2, groupId=licensingGroup] Group coordinator localhost:9092 (id: 2147483647 rack: null) is unavailable or invalid, will attempt rediscovery
2020-05-03 09:27:37.766  INFO [licenses-service,,,] 19252 --- [kafka-coordinator-heartbeat-thread | anonymous.c2699d4a-09cd-4821-903a-52760de6631f] o.a.k.c.c.internals.AbstractCoordinator  : [Consumer clientId=consumer-4, groupId=anonymous.c2699d4a-09cd-4821-903a-52760de6631f] Group coordinator localhost:9092 (id: 2147483647 rack: null) is unavailable or invalid, will attempt rediscovery
2020-05-03 09:27:38.005  INFO [licenses-service,,,] 19252 --- [KafkaConsumerDestination{consumerDestinationName='orgchangetopic', partitions=1, dlqName='null'}.container-0-C-1] o.a.kafka.clients.FetchSessionHandler    : [Consumer clientId=consumer-2, groupId=licensingGroup] Error sending fetch request (sessionId=1084858127, epoch=149960) to node 0: org.apache.kafka.common.errors.DisconnectException.
2020-05-03 09:27:37.868  INFO [licenses-service,,,] 19252 --- [KafkaConsumerDestination{consumerDestinationName='input', partitions=1, dlqName='null'}.container-0-C-1] o.a.kafka.clients.FetchSessionHandler    : [Consumer clientId=consumer-4, groupId=anonymous.c2699d4a-09cd-4821-903a-52760de6631f] Error sending fetch request (sessionId=1746341140, epoch=149979) to node 0: org.apache.kafka.common.errors.DisconnectException.
2020-05-03 09:27:39.004  INFO [licenses-service,,,] 19252 --- [KafkaConsumerDestination{consumerDestinationName='orgchangetopic', partitions=1, dlqName='null'}.container-0-C-1] o.a.k.c.c.internals.AbstractCoordinator  : [Consumer clientId=consumer-2, groupId=licensingGroup] Discovered group coordinator localhost:9092 (id: 2147483647 rack: null)
2020-05-03 09:27:43.171  INFO [licenses-service,,,] 19252 --- [KafkaConsumerDestination{consumerDestinationName='input', partitions=1, dlqName='null'}.container-0-C-1] o.a.k.c.c.internals.AbstractCoordinator  : [Consumer clientId=consumer-4, groupId=anonymous.c2699d4a-09cd-4821-903a-52760de6631f] Discovered group coordinator localhost:9092 (id: 2147483647 rack: null)
2020-05-03 09:27:43.762  INFO [licenses-service,,,] 19252 --- [KafkaConsumerDestination{consumerDestinationName='input', partitions=1, dlqName='null'}.container-0-C-1] o.a.k.c.c.internals.AbstractCoordinator  : [Consumer clientId=consumer-4, groupId=anonymous.c2699d4a-09cd-4821-903a-52760de6631f] Attempt to heartbeat failed for since member id consumer-4-ea3a6cb1-1bae-4466-96a9-60615c6d5f51 is not valid.
2020-05-03 09:27:43.764  INFO [licenses-service,,,] 19252 --- [KafkaConsumerDestination{consumerDestinationName='input', partitions=1, dlqName='null'}.container-0-C-1] o.a.k.c.c.internals.ConsumerCoordinator  : [Consumer clientId=consumer-4, groupId=anonymous.c2699d4a-09cd-4821-903a-52760de6631f] Revoking previously assigned partitions [input-0]
2020-05-03 09:27:43.769  INFO [licenses-service,,,] 19252 --- [KafkaConsumerDestination{consumerDestinationName='input', partitions=1, dlqName='null'}.container-0-C-1] o.s.c.s.b.k.KafkaMessageChannelBinder$1  : anonymous.c2699d4a-09cd-4821-903a-52760de6631f: partitions revoked: [input-0]
2020-05-03 09:27:43.771  INFO [licenses-service,,,] 19252 --- [KafkaConsumerDestination{consumerDestinationName='input', partitions=1, dlqName='null'}.container-0-C-1] o.a.k.c.c.internals.AbstractCoordinator  : [Consumer clientId=consumer-4, groupId=anonymous.c2699d4a-09cd-4821-903a-52760de6631f] (Re-)joining group
2020-05-03 09:27:43.790  INFO [licenses-service,,,] 19252 --- [KafkaConsumerDestination{consumerDestinationName='input', partitions=1, dlqName='null'}.container-0-C-1] o.a.k.c.c.internals.AbstractCoordinator  : [Consumer clientId=consumer-4, groupId=anonymous.c2699d4a-09cd-4821-903a-52760de6631f] (Re-)joining group
2020-05-03 09:27:43.907  WARN [licenses-service,,,] 19252 --- [HikariPool-1 housekeeper] com.zaxxer.hikari.pool.HikariPool        : HikariPool-1 - Thread starvation or clock leap detected (housekeeper delta=2h13m53s456ms254µs700ns).
2020-05-03 09:27:44.489  INFO [licenses-service,,,] 19252 --- [KafkaConsumerDestination{consumerDestinationName='input', partitions=1, dlqName='null'}.container-0-C-1] o.a.k.c.c.internals.AbstractCoordinator  : [Consumer clientId=consumer-4, groupId=anonymous.c2699d4a-09cd-4821-903a-52760de6631f] Successfully joined group with generation 3
2020-05-03 09:27:44.491  INFO [licenses-service,,,] 19252 --- [KafkaConsumerDestination{consumerDestinationName='input', partitions=1, dlqName='null'}.container-0-C-1] o.a.k.c.c.internals.ConsumerCoordinator  : [Consumer clientId=consumer-4, groupId=anonymous.c2699d4a-09cd-4821-903a-52760de6631f] Setting newly assigned partitions: input-0
2020-05-03 09:27:44.577  INFO [licenses-service,,,] 19252 --- [KafkaConsumerDestination{consumerDestinationName='input', partitions=1, dlqName='null'}.container-0-C-1] o.a.k.c.c.internals.ConsumerCoordinator  : [Consumer clientId=consumer-4, groupId=anonymous.c2699d4a-09cd-4821-903a-52760de6631f] Setting offset for partition input-0 to the committed offset FetchPosition{offset=0, offsetEpoch=Optional.empty, currentLeader=LeaderAndEpoch{leader=localhost:9092 (id: 0 rack: null), epoch=0}}
2020-05-03 09:27:44.683  INFO [licenses-service,,,] 19252 --- [KafkaConsumerDestination{consumerDestinationName='input', partitions=1, dlqName='null'}.container-0-C-1] o.s.c.s.b.k.KafkaMessageChannelBinder$1  : anonymous.c2699d4a-09cd-4821-903a-52760de6631f: partitions assigned: [input-0]
2020-05-03 13:08:16.336  INFO [licenses-service,,,] 20944 --- [main] c.l.licenses.LicensesServiceApplication  : No active profile set, falling back to default profiles: default
2020-05-03 13:08:20.654  INFO [licenses-service,,,] 20944 --- [main] .s.d.r.c.RepositoryConfigurationDelegate : Multiple Spring Data modules found, entering strict repository configuration mode!
2020-05-03 13:08:20.656  INFO [licenses-service,,,] 20944 --- [main] .s.d.r.c.RepositoryConfigurationDelegate : Bootstrapping Spring Data JPA repositories in DEFAULT mode.
2020-05-03 13:08:21.055  INFO [licenses-service,,,] 20944 --- [main] .s.d.r.c.RepositoryConfigurationDelegate : Finished Spring Data repository scanning in 363ms. Found 1 JPA repository interfaces.
2020-05-03 13:08:21.133  INFO [licenses-service,,,] 20944 --- [main] .s.d.r.c.RepositoryConfigurationDelegate : Multiple Spring Data modules found, entering strict repository configuration mode!
2020-05-03 13:08:21.140  INFO [licenses-service,,,] 20944 --- [main] .s.d.r.c.RepositoryConfigurationDelegate : Bootstrapping Spring Data Redis repositories in DEFAULT mode.
2020-05-03 13:08:21.254  INFO [licenses-service,,,] 20944 --- [main] .RepositoryConfigurationExtensionSupport : Spring Data Redis - Could not safely identify store assignment for repository candidate interface com.lamin.licenses.repository.LicenseRepository. If you want this repository to be a Redis repository, consider annotating your entities with one of these annotations: org.springframework.data.redis.core.RedisHash (preferred), or consider extending one of the following types with your repository: org.springframework.data.keyvalue.repository.KeyValueRepository.
2020-05-03 13:08:21.255  INFO [licenses-service,,,] 20944 --- [main] .s.d.r.c.RepositoryConfigurationDelegate : Finished Spring Data repository scanning in 56ms. Found 0 Redis repository interfaces.
2020-05-03 13:08:21.887  WARN [licenses-service,,,] 20944 --- [main] o.s.boot.actuate.endpoint.EndpointId     : Endpoint ID 'service-registry' contains invalid characters, please migrate to a valid format.
2020-05-03 13:08:22.115  WARN [licenses-service,,,] 20944 --- [main] o.s.boot.actuate.endpoint.EndpointId     : Endpoint ID 'hystrix.stream' contains invalid characters, please migrate to a valid format.
2020-05-03 13:08:23.091  INFO [licenses-service,,,] 20944 --- [main] o.s.cloud.context.scope.GenericScope     : BeanFactory id=678102b1-d7b4-3f00-a368-7a719b1991df
2020-05-03 13:08:23.522  INFO [licenses-service,,,] 20944 --- [main] faultConfiguringBeanFactoryPostProcessor : No bean named 'errorChannel' has been explicitly defined. Therefore, a default PublishSubscribeChannel will be created.
2020-05-03 13:08:23.541  INFO [licenses-service,,,] 20944 --- [main] faultConfiguringBeanFactoryPostProcessor : No bean named 'taskScheduler' has been explicitly defined. Therefore, a default ThreadPoolTaskScheduler will be created.
2020-05-03 13:08:23.556  INFO [licenses-service,,,] 20944 --- [main] faultConfiguringBeanFactoryPostProcessor : No bean named 'integrationHeaderChannelRegistry' has been explicitly defined. Therefore, a default DefaultHeaderChannelRegistry will be created.
2020-05-03 13:08:24.893  INFO [licenses-service,,,] 20944 --- [main] trationDelegate$BeanPostProcessorChecker : Bean 'integrationChannelResolver' of type [org.springframework.integration.support.channel.BeanFactoryChannelResolver] is not eligible for getting processed by all BeanPostProcessors (for example: not eligible for auto-proxying)
2020-05-03 13:08:24.914  INFO [licenses-service,,,] 20944 --- [main] trationDelegate$BeanPostProcessorChecker : Bean 'integrationDisposableAutoCreatedBeans' of type [org.springframework.integration.config.annotation.Disposables] is not eligible for getting processed by all BeanPostProcessors (for example: not eligible for auto-proxying)
2020-05-03 13:08:25.093  INFO [licenses-service,,,] 20944 --- [main] trationDelegate$BeanPostProcessorChecker : Bean 'org.springframework.integration.config.IntegrationManagementConfiguration' of type [org.springframework.integration.config.IntegrationManagementConfiguration] is not eligible for getting processed by all BeanPostProcessors (for example: not eligible for auto-proxying)
2020-05-03 13:08:25.146  INFO [licenses-service,,,] 20944 --- [main] trationDelegate$BeanPostProcessorChecker : Bean 'org.springframework.boot.autoconfigure.integration.IntegrationAutoConfiguration$IntegrationJmxConfiguration' of type [org.springframework.boot.autoconfigure.integration.IntegrationAutoConfiguration$IntegrationJmxConfiguration] is not eligible for getting processed by all BeanPostProcessors (for example: not eligible for auto-proxying)
2020-05-03 13:08:25.186  INFO [licenses-service,,,] 20944 --- [main] trationDelegate$BeanPostProcessorChecker : Bean 'org.springframework.boot.autoconfigure.jmx.JmxAutoConfiguration' of type [org.springframework.boot.autoconfigure.jmx.JmxAutoConfiguration] is not eligible for getting processed by all BeanPostProcessors (for example: not eligible for auto-proxying)
2020-05-03 13:08:25.234  INFO [licenses-service,,,] 20944 --- [main] trationDelegate$BeanPostProcessorChecker : Bean 'mbeanServer' of type [com.sun.jmx.mbeanserver.JmxMBeanServer] is not eligible for getting processed by all BeanPostProcessors (for example: not eligible for auto-proxying)
2020-05-03 13:08:26.987  INFO [licenses-service,,,] 20944 --- [main] o.s.b.w.embedded.tomcat.TomcatWebServer  : Tomcat initialized with port(s): 8081 (http)
2020-05-03 13:08:27.018  INFO [licenses-service,,,] 20944 --- [main] o.apache.catalina.core.StandardService   : Starting service [Tomcat]
2020-05-03 13:08:27.020  INFO [licenses-service,,,] 20944 --- [main] org.apache.catalina.core.StandardEngine  : Starting Servlet engine: [Apache Tomcat/9.0.33]
2020-05-03 13:08:27.737  INFO [licenses-service,,,] 20944 --- [main] o.a.c.c.C.[Tomcat].[localhost].[/]       : Initializing Spring embedded WebApplicationContext
2020-05-03 13:08:33.347  INFO [licenses-service,,,] 20944 --- [main] o.s.s.c.ThreadPoolTaskScheduler          : Initializing ExecutorService 'taskScheduler'
2020-05-03 13:08:37.254  INFO [licenses-service,,,] 20944 --- [main] o.hibernate.jpa.internal.util.LogHelper  : HHH000204: Processing PersistenceUnitInfo [name: default]
2020-05-03 13:08:37.638  INFO [licenses-service,,,] 20944 --- [main] org.hibernate.Version                    : HHH000412: Hibernate ORM core version 5.4.12.Final
2020-05-03 13:08:38.427  INFO [licenses-service,,,] 20944 --- [main] o.hibernate.annotations.common.Version   : HCANN000001: Hibernate Commons Annotations {5.1.0.Final}
2020-05-03 13:08:39.156  INFO [licenses-service,,,] 20944 --- [main] org.hibernate.dialect.Dialect            : HHH000400: Using dialect: org.hibernate.dialect.PostgreSQL94Dialect
2020-05-03 13:08:41.431  INFO [licenses-service,,,] 20944 --- [main] com.zaxxer.hikari.HikariDataSource       : HikariPool-1 - Starting...
2020-05-03 13:08:41.976  INFO [licenses-service,,,] 20944 --- [main] com.zaxxer.hikari.HikariDataSource       : HikariPool-1 - Start completed.
2020-05-03 13:08:42.260  INFO [licenses-service,,,] 20944 --- [main] o.h.e.t.j.p.i.JtaPlatformInitiator       : HHH000490: Using JtaPlatform implementation: [org.hibernate.engine.transaction.jta.platform.internal.NoJtaPlatform]
2020-05-03 13:08:42.301  INFO [licenses-service,,,] 20944 --- [main] j.LocalContainerEntityManagerFactoryBean : Initialized JPA EntityManagerFactory for persistence unit 'default'
2020-05-03 13:08:49.410  WARN [licenses-service,,,] 20944 --- [main] JpaBaseConfiguration$JpaWebConfiguration : spring.jpa.open-in-view is enabled by default. Therefore, database queries may be performed during view rendering. Explicitly configure spring.jpa.open-in-view to disable this warning
2020-05-03 13:08:50.127  INFO [licenses-service,,,] 20944 --- [main] o.s.s.concurrent.ThreadPoolTaskExecutor  : Initializing ExecutorService 'applicationTaskExecutor'
2020-05-03 13:08:52.019  INFO [licenses-service,,,] 20944 --- [main] onConfiguration$FunctionBindingRegistrar : Functional binding is disabled due to the presense of @EnableBinding annotation in your configuration
2020-05-03 13:08:56.696  WARN [licenses-service,,,] 20944 --- [main] ockingLoadBalancerClientRibbonWarnLogger : You already have RibbonLoadBalancerClient on your classpath. It will be used by default. As Spring Cloud Ribbon is in maintenance mode. We recommend switching to BlockingLoadBalancerClient instead. In order to use it, set the value of `spring.cloud.loadbalancer.ribbon.enabled` to `false` or remove spring-cloud-starter-netflix-ribbon from your project.
2020-05-03 13:08:57.819  INFO [licenses-service,,,] 20944 --- [main] o.s.b.a.e.web.EndpointLinksResolver      : Exposing 2 endpoint(s) beneath base path '/actuator'
2020-05-03 13:08:58.724  INFO [licenses-service,,,] 20944 --- [main] o.s.c.s.m.DirectWithAttributesChannel    : Channel 'application-1.inboundOrgChanges' has 1 subscriber(s).
2020-05-03 13:08:58.726  INFO [licenses-service,,,] 20944 --- [main] o.s.c.s.m.DirectWithAttributesChannel    : Channel 'application-1.input' has 1 subscriber(s).
2020-05-03 13:08:59.264  INFO [licenses-service,,,] 20944 --- [main] o.s.i.monitor.IntegrationMBeanExporter   : Registering MessageChannel inboundOrgChanges
2020-05-03 13:08:59.740  INFO [licenses-service,,,] 20944 --- [main] o.s.i.monitor.IntegrationMBeanExporter   : Registering MessageChannel nullChannel
2020-05-03 13:08:59.844  INFO [licenses-service,,,] 20944 --- [main] o.s.i.monitor.IntegrationMBeanExporter   : Registering MessageChannel errorChannel
2020-05-03 13:09:00.136  INFO [licenses-service,,,] 20944 --- [main] o.s.i.monitor.IntegrationMBeanExporter   : Registering MessageChannel input
2020-05-03 13:09:00.244  INFO [licenses-service,,,] 20944 --- [main] o.s.i.monitor.IntegrationMBeanExporter   : Registering MessageHandler org.springframework.cloud.stream.binding.StreamListenerMessageHandler@3284de45
2020-05-03 13:09:00.732  INFO [licenses-service,,,] 20944 --- [main] o.s.i.monitor.IntegrationMBeanExporter   : Registering MessageHandler errorLogger
2020-05-03 13:09:00.896  INFO [licenses-service,,,] 20944 --- [main] o.s.i.monitor.IntegrationMBeanExporter   : Registering MessageHandler org.springframework.cloud.stream.binding.StreamListenerMessageHandler@5390862e
2020-05-03 13:09:01.044  INFO [licenses-service,,,] 20944 --- [main] o.s.i.endpoint.EventDrivenConsumer       : Adding {logging-channel-adapter:_org.springframework.integration.errorLogger} as a subscriber to the 'errorChannel' channel
2020-05-03 13:09:01.046  INFO [licenses-service,,,] 20944 --- [main] o.s.i.channel.PublishSubscribeChannel    : Channel 'application-1.errorChannel' has 1 subscriber(s).
2020-05-03 13:09:01.049  INFO [licenses-service,,,] 20944 --- [main] o.s.i.endpoint.EventDrivenConsumer       : started bean '_org.springframework.integration.errorLogger'
2020-05-03 13:09:01.173  INFO [licenses-service,,,] 20944 --- [main] o.s.c.n.eureka.InstanceInfoFactory       : Setting initial instance status as: STARTING
2020-05-03 13:09:06.987  INFO [licenses-service,,,] 20944 --- [main] o.s.c.n.e.s.EurekaServiceRegistry        : Registering application LICENSES-SERVICE with eureka with status UP
2020-05-03 13:09:09.723  INFO [licenses-service,,,] 20944 --- [main] o.a.k.clients.admin.AdminClientConfig    : AdminClientConfig values: 
	bootstrap.servers = [localhost:9092]
	client.dns.lookup = default
	client.id = 
	connections.max.idle.ms = 300000
	metadata.max.age.ms = 300000
	metric.reporters = []
	metrics.num.samples = 2
	metrics.recording.level = INFO
	metrics.sample.window.ms = 30000
	receive.buffer.bytes = 65536
	reconnect.backoff.max.ms = 1000
	reconnect.backoff.ms = 50
	request.timeout.ms = 120000
	retries = 5
	retry.backoff.ms = 100
	sasl.client.callback.handler.class = null
	sasl.jaas.config = null
	sasl.kerberos.kinit.cmd = /usr/bin/kinit
	sasl.kerberos.min.time.before.relogin = 60000
	sasl.kerberos.service.name = null
	sasl.kerberos.ticket.renew.jitter = 0.05
	sasl.kerberos.ticket.renew.window.factor = 0.8
	sasl.login.callback.handler.class = null
	sasl.login.class = null
	sasl.login.refresh.buffer.seconds = 300
	sasl.login.refresh.min.period.seconds = 60
	sasl.login.refresh.window.factor = 0.8
	sasl.login.refresh.window.jitter = 0.05
	sasl.mechanism = GSSAPI
	security.protocol = PLAINTEXT
	send.buffer.bytes = 131072
	ssl.cipher.suites = null
	ssl.enabled.protocols = [TLSv1.2, TLSv1.1, TLSv1]
	ssl.endpoint.identification.algorithm = https
	ssl.key.password = null
	ssl.keymanager.algorithm = SunX509
	ssl.keystore.location = null
	ssl.keystore.password = null
	ssl.keystore.type = JKS
	ssl.protocol = TLS
	ssl.provider = null
	ssl.secure.random.implementation = null
	ssl.trustmanager.algorithm = PKIX
	ssl.truststore.location = null
	ssl.truststore.password = null
	ssl.truststore.type = JKS

2020-05-03 13:09:09.953  INFO [licenses-service,,,] 20944 --- [main] o.a.kafka.common.utils.AppInfoParser     : Kafka version: 2.3.1
2020-05-03 13:09:09.954  INFO [licenses-service,,,] 20944 --- [main] o.a.kafka.common.utils.AppInfoParser     : Kafka commitId: 18a913733fb71c01
2020-05-03 13:09:09.954  INFO [licenses-service,,,] 20944 --- [main] o.a.kafka.common.utils.AppInfoParser     : Kafka startTimeMs: 1588504149943
2020-05-03 13:09:10.830  INFO [licenses-service,,,] 20944 --- [main] o.a.k.clients.consumer.ConsumerConfig    : ConsumerConfig values: 
	allow.auto.create.topics = true
	auto.commit.interval.ms = 100
	auto.offset.reset = earliest
	bootstrap.servers = [localhost:9092]
	check.crcs = true
	client.dns.lookup = default
	client.id = 
	client.rack = 
	connections.max.idle.ms = 540000
	default.api.timeout.ms = 60000
	enable.auto.commit = false
	exclude.internal.topics = true
	fetch.max.bytes = 52428800
	fetch.max.wait.ms = 500
	fetch.min.bytes = 1
	group.id = licensingGroup
	group.instance.id = null
	heartbeat.interval.ms = 3000
	interceptor.classes = []
	internal.leave.group.on.close = true
	isolation.level = read_uncommitted
	key.deserializer = class org.apache.kafka.common.serialization.ByteArrayDeserializer
	max.partition.fetch.bytes = 1048576
	max.poll.interval.ms = 300000
	max.poll.records = 500
	metadata.max.age.ms = 300000
	metric.reporters = []
	metrics.num.samples = 2
	metrics.recording.level = INFO
	metrics.sample.window.ms = 30000
	partition.assignment.strategy = [class org.apache.kafka.clients.consumer.RangeAssignor]
	receive.buffer.bytes = 65536
	reconnect.backoff.max.ms = 1000
	reconnect.backoff.ms = 50
	request.timeout.ms = 30000
	retry.backoff.ms = 100
	sasl.client.callback.handler.class = null
	sasl.jaas.config = null
	sasl.kerberos.kinit.cmd = /usr/bin/kinit
	sasl.kerberos.min.time.before.relogin = 60000
	sasl.kerberos.service.name = null
	sasl.kerberos.ticket.renew.jitter = 0.05
	sasl.kerberos.ticket.renew.window.factor = 0.8
	sasl.login.callback.handler.class = null
	sasl.login.class = null
	sasl.login.refresh.buffer.seconds = 300
	sasl.login.refresh.min.period.seconds = 60
	sasl.login.refresh.window.factor = 0.8
	sasl.login.refresh.window.jitter = 0.05
	sasl.mechanism = GSSAPI
	security.protocol = PLAINTEXT
	send.buffer.bytes = 131072
	session.timeout.ms = 10000
	ssl.cipher.suites = null
	ssl.enabled.protocols = [TLSv1.2, TLSv1.1, TLSv1]
	ssl.endpoint.identification.algorithm = https
	ssl.key.password = null
	ssl.keymanager.algorithm = SunX509
	ssl.keystore.location = null
	ssl.keystore.password = null
	ssl.keystore.type = JKS
	ssl.protocol = TLS
	ssl.provider = null
	ssl.secure.random.implementation = null
	ssl.trustmanager.algorithm = PKIX
	ssl.truststore.location = null
	ssl.truststore.password = null
	ssl.truststore.type = JKS
	value.deserializer = class org.apache.kafka.common.serialization.ByteArrayDeserializer

2020-05-03 13:09:11.096  INFO [licenses-service,,,] 20944 --- [main] o.a.kafka.common.utils.AppInfoParser     : Kafka version: 2.3.1
2020-05-03 13:09:11.097  INFO [licenses-service,,,] 20944 --- [main] o.a.kafka.common.utils.AppInfoParser     : Kafka commitId: 18a913733fb71c01
2020-05-03 13:09:11.098  INFO [licenses-service,,,] 20944 --- [main] o.a.kafka.common.utils.AppInfoParser     : Kafka startTimeMs: 1588504151096
2020-05-03 13:09:11.134  INFO [licenses-service,,,] 20944 --- [main] org.apache.kafka.clients.Metadata        : [Consumer clientId=consumer-1, groupId=licensingGroup] Cluster ID: E_peVcmqS2Gfv9PyiboMDw
2020-05-03 13:09:11.285  INFO [licenses-service,,,] 20944 --- [main] o.s.c.stream.binder.BinderErrorChannel   : Channel 'orgchangetopic.licensingGroup.errors' has 1 subscriber(s).
2020-05-03 13:09:11.286  INFO [licenses-service,,,] 20944 --- [main] o.s.c.stream.binder.BinderErrorChannel   : Channel 'orgchangetopic.licensingGroup.errors' has 0 subscriber(s).
2020-05-03 13:09:11.286  INFO [licenses-service,,,] 20944 --- [main] o.s.c.stream.binder.BinderErrorChannel   : Channel 'orgchangetopic.licensingGroup.errors' has 1 subscriber(s).
2020-05-03 13:09:11.287  INFO [licenses-service,,,] 20944 --- [main] o.s.c.stream.binder.BinderErrorChannel   : Channel 'orgchangetopic.licensingGroup.errors' has 2 subscriber(s).
2020-05-03 13:09:11.326  INFO [licenses-service,,,] 20944 --- [main] o.a.k.clients.consumer.ConsumerConfig    : ConsumerConfig values: 
	allow.auto.create.topics = true
	auto.commit.interval.ms = 100
	auto.offset.reset = earliest
	bootstrap.servers = [localhost:9092]
	check.crcs = true
	client.dns.lookup = default
	client.id = 
	client.rack = 
	connections.max.idle.ms = 540000
	default.api.timeout.ms = 60000
	enable.auto.commit = false
	exclude.internal.topics = true
	fetch.max.bytes = 52428800
	fetch.max.wait.ms = 500
	fetch.min.bytes = 1
	group.id = licensingGroup
	group.instance.id = null
	heartbeat.interval.ms = 3000
	interceptor.classes = []
	internal.leave.group.on.close = true
	isolation.level = read_uncommitted
	key.deserializer = class org.apache.kafka.common.serialization.ByteArrayDeserializer
	max.partition.fetch.bytes = 1048576
	max.poll.interval.ms = 300000
	max.poll.records = 500
	metadata.max.age.ms = 300000
	metric.reporters = []
	metrics.num.samples = 2
	metrics.recording.level = INFO
	metrics.sample.window.ms = 30000
	partition.assignment.strategy = [class org.apache.kafka.clients.consumer.RangeAssignor]
	receive.buffer.bytes = 65536
	reconnect.backoff.max.ms = 1000
	reconnect.backoff.ms = 50
	request.timeout.ms = 30000
	retry.backoff.ms = 100
	sasl.client.callback.handler.class = null
	sasl.jaas.config = null
	sasl.kerberos.kinit.cmd = /usr/bin/kinit
	sasl.kerberos.min.time.before.relogin = 60000
	sasl.kerberos.service.name = null
	sasl.kerberos.ticket.renew.jitter = 0.05
	sasl.kerberos.ticket.renew.window.factor = 0.8
	sasl.login.callback.handler.class = null
	sasl.login.class = null
	sasl.login.refresh.buffer.seconds = 300
	sasl.login.refresh.min.period.seconds = 60
	sasl.login.refresh.window.factor = 0.8
	sasl.login.refresh.window.jitter = 0.05
	sasl.mechanism = GSSAPI
	security.protocol = PLAINTEXT
	send.buffer.bytes = 131072
	session.timeout.ms = 10000
	ssl.cipher.suites = null
	ssl.enabled.protocols = [TLSv1.2, TLSv1.1, TLSv1]
	ssl.endpoint.identification.algorithm = https
	ssl.key.password = null
	ssl.keymanager.algorithm = SunX509
	ssl.keystore.location = null
	ssl.keystore.password = null
	ssl.keystore.type = JKS
	ssl.protocol = TLS
	ssl.provider = null
	ssl.secure.random.implementation = null
	ssl.trustmanager.algorithm = PKIX
	ssl.truststore.location = null
	ssl.truststore.password = null
	ssl.truststore.type = JKS
	value.deserializer = class org.apache.kafka.common.serialization.ByteArrayDeserializer

2020-05-03 13:09:11.396  INFO [licenses-service,,,] 20944 --- [main] o.a.kafka.common.utils.AppInfoParser     : Kafka version: 2.3.1
2020-05-03 13:09:11.397  INFO [licenses-service,,,] 20944 --- [main] o.a.kafka.common.utils.AppInfoParser     : Kafka commitId: 18a913733fb71c01
2020-05-03 13:09:11.398  INFO [licenses-service,,,] 20944 --- [main] o.a.kafka.common.utils.AppInfoParser     : Kafka startTimeMs: 1588504151396
2020-05-03 13:09:11.403  INFO [licenses-service,,,] 20944 --- [main] o.a.k.clients.consumer.KafkaConsumer     : [Consumer clientId=consumer-2, groupId=licensingGroup] Subscribed to topic(s): orgchangetopic
2020-05-03 13:09:11.407  INFO [licenses-service,,,] 20944 --- [main] o.s.s.c.ThreadPoolTaskScheduler          : Initializing ExecutorService
2020-05-03 13:09:11.427  INFO [licenses-service,,,] 20944 --- [main] s.i.k.i.KafkaMessageDrivenChannelAdapter : started org.springframework.integration.kafka.inbound.KafkaMessageDrivenChannelAdapter@4a571516
2020-05-03 13:09:11.468  INFO [licenses-service,,,] 20944 --- [KafkaConsumerDestination{consumerDestinationName='orgchangetopic', partitions=1, dlqName='null'}.container-0-C-1] org.apache.kafka.clients.Metadata        : [Consumer clientId=consumer-2, groupId=licensingGroup] Cluster ID: E_peVcmqS2Gfv9PyiboMDw
2020-05-03 13:09:11.476  INFO [licenses-service,,,] 20944 --- [KafkaConsumerDestination{consumerDestinationName='orgchangetopic', partitions=1, dlqName='null'}.container-0-C-1] o.a.k.c.c.internals.AbstractCoordinator  : [Consumer clientId=consumer-2, groupId=licensingGroup] Discovered group coordinator localhost:9092 (id: 2147483647 rack: null)
2020-05-03 13:09:11.484  INFO [licenses-service,,,] 20944 --- [KafkaConsumerDestination{consumerDestinationName='orgchangetopic', partitions=1, dlqName='null'}.container-0-C-1] o.a.k.c.c.internals.ConsumerCoordinator  : [Consumer clientId=consumer-2, groupId=licensingGroup] Revoking previously assigned partitions []
2020-05-03 13:09:11.487  INFO [licenses-service,,,] 20944 --- [KafkaConsumerDestination{consumerDestinationName='orgchangetopic', partitions=1, dlqName='null'}.container-0-C-1] o.s.c.s.b.k.KafkaMessageChannelBinder$1  : licensingGroup: partitions revoked: []
2020-05-03 13:09:11.489  INFO [licenses-service,,,] 20944 --- [KafkaConsumerDestination{consumerDestinationName='orgchangetopic', partitions=1, dlqName='null'}.container-0-C-1] o.a.k.c.c.internals.AbstractCoordinator  : [Consumer clientId=consumer-2, groupId=licensingGroup] (Re-)joining group
2020-05-03 13:09:11.498  INFO [licenses-service,,,] 20944 --- [main] o.a.k.clients.admin.AdminClientConfig    : AdminClientConfig values: 
	bootstrap.servers = [localhost:9092]
	client.dns.lookup = default
	client.id = 
	connections.max.idle.ms = 300000
	metadata.max.age.ms = 300000
	metric.reporters = []
	metrics.num.samples = 2
	metrics.recording.level = INFO
	metrics.sample.window.ms = 30000
	receive.buffer.bytes = 65536
	reconnect.backoff.max.ms = 1000
	reconnect.backoff.ms = 50
	request.timeout.ms = 120000
	retries = 5
	retry.backoff.ms = 100
	sasl.client.callback.handler.class = null
	sasl.jaas.config = null
	sasl.kerberos.kinit.cmd = /usr/bin/kinit
	sasl.kerberos.min.time.before.relogin = 60000
	sasl.kerberos.service.name = null
	sasl.kerberos.ticket.renew.jitter = 0.05
	sasl.kerberos.ticket.renew.window.factor = 0.8
	sasl.login.callback.handler.class = null
	sasl.login.class = null
	sasl.login.refresh.buffer.seconds = 300
	sasl.login.refresh.min.period.seconds = 60
	sasl.login.refresh.window.factor = 0.8
	sasl.login.refresh.window.jitter = 0.05
	sasl.mechanism = GSSAPI
	security.protocol = PLAINTEXT
	send.buffer.bytes = 131072
	ssl.cipher.suites = null
	ssl.enabled.protocols = [TLSv1.2, TLSv1.1, TLSv1]
	ssl.endpoint.identification.algorithm = https
	ssl.key.password = null
	ssl.keymanager.algorithm = SunX509
	ssl.keystore.location = null
	ssl.keystore.password = null
	ssl.keystore.type = JKS
	ssl.protocol = TLS
	ssl.provider = null
	ssl.secure.random.implementation = null
	ssl.trustmanager.algorithm = PKIX
	ssl.truststore.location = null
	ssl.truststore.password = null
	ssl.truststore.type = JKS

2020-05-03 13:09:11.513  INFO [licenses-service,,,] 20944 --- [main] o.a.kafka.common.utils.AppInfoParser     : Kafka version: 2.3.1
2020-05-03 13:09:11.514  INFO [licenses-service,,,] 20944 --- [main] o.a.kafka.common.utils.AppInfoParser     : Kafka commitId: 18a913733fb71c01
2020-05-03 13:09:11.514  INFO [licenses-service,,,] 20944 --- [main] o.a.kafka.common.utils.AppInfoParser     : Kafka startTimeMs: 1588504151513
2020-05-03 13:09:11.581  INFO [licenses-service,,,] 20944 --- [main] o.a.k.clients.consumer.ConsumerConfig    : ConsumerConfig values: 
	allow.auto.create.topics = true
	auto.commit.interval.ms = 100
	auto.offset.reset = latest
	bootstrap.servers = [localhost:9092]
	check.crcs = true
	client.dns.lookup = default
	client.id = 
	client.rack = 
	connections.max.idle.ms = 540000
	default.api.timeout.ms = 60000
	enable.auto.commit = false
	exclude.internal.topics = true
	fetch.max.bytes = 52428800
	fetch.max.wait.ms = 500
	fetch.min.bytes = 1
	group.id = anonymous.cf3e129e-3966-494d-80ac-1c1aa0ccd141
	group.instance.id = null
	heartbeat.interval.ms = 3000
	interceptor.classes = []
	internal.leave.group.on.close = true
	isolation.level = read_uncommitted
	key.deserializer = class org.apache.kafka.common.serialization.ByteArrayDeserializer
	max.partition.fetch.bytes = 1048576
	max.poll.interval.ms = 300000
	max.poll.records = 500
	metadata.max.age.ms = 300000
	metric.reporters = []
	metrics.num.samples = 2
	metrics.recording.level = INFO
	metrics.sample.window.ms = 30000
	partition.assignment.strategy = [class org.apache.kafka.clients.consumer.RangeAssignor]
	receive.buffer.bytes = 65536
	reconnect.backoff.max.ms = 1000
	reconnect.backoff.ms = 50
	request.timeout.ms = 30000
	retry.backoff.ms = 100
	sasl.client.callback.handler.class = null
	sasl.jaas.config = null
	sasl.kerberos.kinit.cmd = /usr/bin/kinit
	sasl.kerberos.min.time.before.relogin = 60000
	sasl.kerberos.service.name = null
	sasl.kerberos.ticket.renew.jitter = 0.05
	sasl.kerberos.ticket.renew.window.factor = 0.8
	sasl.login.callback.handler.class = null
	sasl.login.class = null
	sasl.login.refresh.buffer.seconds = 300
	sasl.login.refresh.min.period.seconds = 60
	sasl.login.refresh.window.factor = 0.8
	sasl.login.refresh.window.jitter = 0.05
	sasl.mechanism = GSSAPI
	security.protocol = PLAINTEXT
	send.buffer.bytes = 131072
	session.timeout.ms = 10000
	ssl.cipher.suites = null
	ssl.enabled.protocols = [TLSv1.2, TLSv1.1, TLSv1]
	ssl.endpoint.identification.algorithm = https
	ssl.key.password = null
	ssl.keymanager.algorithm = SunX509
	ssl.keystore.location = null
	ssl.keystore.password = null
	ssl.keystore.type = JKS
	ssl.protocol = TLS
	ssl.provider = null
	ssl.secure.random.implementation = null
	ssl.trustmanager.algorithm = PKIX
	ssl.truststore.location = null
	ssl.truststore.password = null
	ssl.truststore.type = JKS
	value.deserializer = class org.apache.kafka.common.serialization.ByteArrayDeserializer

2020-05-03 13:09:11.592  INFO [licenses-service,,,] 20944 --- [KafkaConsumerDestination{consumerDestinationName='orgchangetopic', partitions=1, dlqName='null'}.container-0-C-1] o.a.k.c.c.internals.AbstractCoordinator  : [Consumer clientId=consumer-2, groupId=licensingGroup] (Re-)joining group
2020-05-03 13:09:11.660  INFO [licenses-service,,,] 20944 --- [main] o.a.kafka.common.utils.AppInfoParser     : Kafka version: 2.3.1
2020-05-03 13:09:11.662  INFO [licenses-service,,,] 20944 --- [main] o.a.kafka.common.utils.AppInfoParser     : Kafka commitId: 18a913733fb71c01
2020-05-03 13:09:11.662  INFO [licenses-service,,,] 20944 --- [main] o.a.kafka.common.utils.AppInfoParser     : Kafka startTimeMs: 1588504151660
2020-05-03 13:09:11.741  INFO [licenses-service,,,] 20944 --- [main] o.s.c.stream.binder.BinderErrorChannel   : Channel 'input.anonymous.cf3e129e-3966-494d-80ac-1c1aa0ccd141.errors' has 1 subscriber(s).
2020-05-03 13:09:11.742  INFO [licenses-service,,,] 20944 --- [main] o.s.c.stream.binder.BinderErrorChannel   : Channel 'input.anonymous.cf3e129e-3966-494d-80ac-1c1aa0ccd141.errors' has 0 subscriber(s).
2020-05-03 13:09:11.742  INFO [licenses-service,,,] 20944 --- [main] o.s.c.stream.binder.BinderErrorChannel   : Channel 'input.anonymous.cf3e129e-3966-494d-80ac-1c1aa0ccd141.errors' has 1 subscriber(s).
2020-05-03 13:09:11.742  INFO [licenses-service,,,] 20944 --- [main] o.s.c.stream.binder.BinderErrorChannel   : Channel 'input.anonymous.cf3e129e-3966-494d-80ac-1c1aa0ccd141.errors' has 2 subscriber(s).
2020-05-03 13:09:11.744  INFO [licenses-service,,,] 20944 --- [main] o.a.k.clients.consumer.ConsumerConfig    : ConsumerConfig values: 
	allow.auto.create.topics = true
	auto.commit.interval.ms = 100
	auto.offset.reset = latest
	bootstrap.servers = [localhost:9092]
	check.crcs = true
	client.dns.lookup = default
	client.id = 
	client.rack = 
	connections.max.idle.ms = 540000
	default.api.timeout.ms = 60000
	enable.auto.commit = false
	exclude.internal.topics = true
	fetch.max.bytes = 52428800
	fetch.max.wait.ms = 500
	fetch.min.bytes = 1
	group.id = anonymous.cf3e129e-3966-494d-80ac-1c1aa0ccd141
	group.instance.id = null
	heartbeat.interval.ms = 3000
	interceptor.classes = []
	internal.leave.group.on.close = true
	isolation.level = read_uncommitted
	key.deserializer = class org.apache.kafka.common.serialization.ByteArrayDeserializer
	max.partition.fetch.bytes = 1048576
	max.poll.interval.ms = 300000
	max.poll.records = 500
	metadata.max.age.ms = 300000
	metric.reporters = []
	metrics.num.samples = 2
	metrics.recording.level = INFO
	metrics.sample.window.ms = 30000
	partition.assignment.strategy = [class org.apache.kafka.clients.consumer.RangeAssignor]
	receive.buffer.bytes = 65536
	reconnect.backoff.max.ms = 1000
	reconnect.backoff.ms = 50
	request.timeout.ms = 30000
	retry.backoff.ms = 100
	sasl.client.callback.handler.class = null
	sasl.jaas.config = null
	sasl.kerberos.kinit.cmd = /usr/bin/kinit
	sasl.kerberos.min.time.before.relogin = 60000
	sasl.kerberos.service.name = null
	sasl.kerberos.ticket.renew.jitter = 0.05
	sasl.kerberos.ticket.renew.window.factor = 0.8
	sasl.login.callback.handler.class = null
	sasl.login.class = null
	sasl.login.refresh.buffer.seconds = 300
	sasl.login.refresh.min.period.seconds = 60
	sasl.login.refresh.window.factor = 0.8
	sasl.login.refresh.window.jitter = 0.05
	sasl.mechanism = GSSAPI
	security.protocol = PLAINTEXT
	send.buffer.bytes = 131072
	session.timeout.ms = 10000
	ssl.cipher.suites = null
	ssl.enabled.protocols = [TLSv1.2, TLSv1.1, TLSv1]
	ssl.endpoint.identification.algorithm = https
	ssl.key.password = null
	ssl.keymanager.algorithm = SunX509
	ssl.keystore.location = null
	ssl.keystore.password = null
	ssl.keystore.type = JKS
	ssl.protocol = TLS
	ssl.provider = null
	ssl.secure.random.implementation = null
	ssl.trustmanager.algorithm = PKIX
	ssl.truststore.location = null
	ssl.truststore.password = null
	ssl.truststore.type = JKS
	value.deserializer = class org.apache.kafka.common.serialization.ByteArrayDeserializer

2020-05-03 13:09:11.796  INFO [licenses-service,,,] 20944 --- [main] o.a.kafka.common.utils.AppInfoParser     : Kafka version: 2.3.1
2020-05-03 13:09:11.797  INFO [licenses-service,,,] 20944 --- [main] o.a.kafka.common.utils.AppInfoParser     : Kafka commitId: 18a913733fb71c01
2020-05-03 13:09:11.798  INFO [licenses-service,,,] 20944 --- [main] o.a.kafka.common.utils.AppInfoParser     : Kafka startTimeMs: 1588504151796
2020-05-03 13:09:11.799  INFO [licenses-service,,,] 20944 --- [main] o.a.k.clients.consumer.KafkaConsumer     : [Consumer clientId=consumer-4, groupId=anonymous.cf3e129e-3966-494d-80ac-1c1aa0ccd141] Subscribed to topic(s): input
2020-05-03 13:09:11.800  INFO [licenses-service,,,] 20944 --- [main] o.s.s.c.ThreadPoolTaskScheduler          : Initializing ExecutorService
2020-05-03 13:09:11.802  INFO [licenses-service,,,] 20944 --- [main] s.i.k.i.KafkaMessageDrivenChannelAdapter : started org.springframework.integration.kafka.inbound.KafkaMessageDrivenChannelAdapter@5f6dd89c
2020-05-03 13:09:11.824  INFO [licenses-service,,,] 20944 --- [KafkaConsumerDestination{consumerDestinationName='input', partitions=1, dlqName='null'}.container-0-C-1] org.apache.kafka.clients.Metadata        : [Consumer clientId=consumer-4, groupId=anonymous.cf3e129e-3966-494d-80ac-1c1aa0ccd141] Cluster ID: E_peVcmqS2Gfv9PyiboMDw
2020-05-03 13:09:11.826  INFO [licenses-service,,,] 20944 --- [KafkaConsumerDestination{consumerDestinationName='input', partitions=1, dlqName='null'}.container-0-C-1] o.a.k.c.c.internals.AbstractCoordinator  : [Consumer clientId=consumer-4, groupId=anonymous.cf3e129e-3966-494d-80ac-1c1aa0ccd141] Discovered group coordinator localhost:9092 (id: 2147483647 rack: null)
2020-05-03 13:09:11.829  INFO [licenses-service,,,] 20944 --- [KafkaConsumerDestination{consumerDestinationName='input', partitions=1, dlqName='null'}.container-0-C-1] o.a.k.c.c.internals.ConsumerCoordinator  : [Consumer clientId=consumer-4, groupId=anonymous.cf3e129e-3966-494d-80ac-1c1aa0ccd141] Revoking previously assigned partitions []
2020-05-03 13:09:11.831  INFO [licenses-service,,,] 20944 --- [KafkaConsumerDestination{consumerDestinationName='input', partitions=1, dlqName='null'}.container-0-C-1] o.s.c.s.b.k.KafkaMessageChannelBinder$1  : anonymous.cf3e129e-3966-494d-80ac-1c1aa0ccd141: partitions revoked: []
2020-05-03 13:09:11.832  INFO [licenses-service,,,] 20944 --- [KafkaConsumerDestination{consumerDestinationName='input', partitions=1, dlqName='null'}.container-0-C-1] o.a.k.c.c.internals.AbstractCoordinator  : [Consumer clientId=consumer-4, groupId=anonymous.cf3e129e-3966-494d-80ac-1c1aa0ccd141] (Re-)joining group
2020-05-03 13:09:11.849  INFO [licenses-service,,,] 20944 --- [KafkaConsumerDestination{consumerDestinationName='input', partitions=1, dlqName='null'}.container-0-C-1] o.a.k.c.c.internals.AbstractCoordinator  : [Consumer clientId=consumer-4, groupId=anonymous.cf3e129e-3966-494d-80ac-1c1aa0ccd141] (Re-)joining group
2020-05-03 13:09:11.923  INFO [licenses-service,,,] 19252 --- [KafkaConsumerDestination{consumerDestinationName='orgchangetopic', partitions=1, dlqName='null'}.container-0-C-1] o.a.k.c.c.internals.AbstractCoordinator  : [Consumer clientId=consumer-2, groupId=licensingGroup] Attempt to heartbeat failed since group is rebalancing
2020-05-03 13:09:11.934  INFO [licenses-service,,,] 19252 --- [KafkaConsumerDestination{consumerDestinationName='orgchangetopic', partitions=1, dlqName='null'}.container-0-C-1] o.a.k.c.c.internals.ConsumerCoordinator  : [Consumer clientId=consumer-2, groupId=licensingGroup] Revoking previously assigned partitions [orgchangetopic-0]
2020-05-03 13:09:11.938  INFO [licenses-service,,,] 19252 --- [KafkaConsumerDestination{consumerDestinationName='orgchangetopic', partitions=1, dlqName='null'}.container-0-C-1] o.s.c.s.b.k.KafkaMessageChannelBinder$1  : licensingGroup: partitions revoked: [orgchangetopic-0]
2020-05-03 13:09:11.938  INFO [licenses-service,,,] 20944 --- [KafkaConsumerDestination{consumerDestinationName='input', partitions=1, dlqName='null'}.container-0-C-1] o.a.k.c.c.internals.AbstractCoordinator  : [Consumer clientId=consumer-4, groupId=anonymous.cf3e129e-3966-494d-80ac-1c1aa0ccd141] Successfully joined group with generation 1
2020-05-03 13:09:11.939  INFO [licenses-service,,,] 19252 --- [KafkaConsumerDestination{consumerDestinationName='orgchangetopic', partitions=1, dlqName='null'}.container-0-C-1] o.a.k.c.c.internals.AbstractCoordinator  : [Consumer clientId=consumer-2, groupId=licensingGroup] (Re-)joining group
2020-05-03 13:09:11.961  INFO [licenses-service,,,] 20944 --- [KafkaConsumerDestination{consumerDestinationName='input', partitions=1, dlqName='null'}.container-0-C-1] o.a.k.c.c.internals.ConsumerCoordinator  : [Consumer clientId=consumer-4, groupId=anonymous.cf3e129e-3966-494d-80ac-1c1aa0ccd141] Setting newly assigned partitions: input-0
2020-05-03 13:09:11.969  INFO [licenses-service,,,] 20944 --- [KafkaConsumerDestination{consumerDestinationName='orgchangetopic', partitions=1, dlqName='null'}.container-0-C-1] o.a.k.c.c.internals.AbstractCoordinator  : [Consumer clientId=consumer-2, groupId=licensingGroup] Successfully joined group with generation 8
2020-05-03 13:09:11.969  INFO [licenses-service,,,] 19252 --- [KafkaConsumerDestination{consumerDestinationName='orgchangetopic', partitions=1, dlqName='null'}.container-0-C-1] o.a.k.c.c.internals.AbstractCoordinator  : [Consumer clientId=consumer-2, groupId=licensingGroup] Successfully joined group with generation 8
2020-05-03 13:09:11.971  INFO [licenses-service,,,] 19252 --- [KafkaConsumerDestination{consumerDestinationName='orgchangetopic', partitions=1, dlqName='null'}.container-0-C-1] o.a.k.c.c.internals.ConsumerCoordinator  : [Consumer clientId=consumer-2, groupId=licensingGroup] Setting newly assigned partitions: orgchangetopic-0
2020-05-03 13:09:11.973  INFO [licenses-service,,,] 20944 --- [KafkaConsumerDestination{consumerDestinationName='orgchangetopic', partitions=1, dlqName='null'}.container-0-C-1] o.a.k.c.c.internals.ConsumerCoordinator  : [Consumer clientId=consumer-2, groupId=licensingGroup] Setting newly assigned partitions: 
2020-05-03 13:09:11.981  INFO [licenses-service,,,] 20944 --- [KafkaConsumerDestination{consumerDestinationName='orgchangetopic', partitions=1, dlqName='null'}.container-0-C-1] o.s.c.s.b.k.KafkaMessageChannelBinder$1  : licensingGroup: partitions assigned: []
2020-05-03 13:09:11.983  INFO [licenses-service,,,] 20944 --- [main] o.s.i.monitor.IntegrationMBeanExporter   : Registering MessageChannel orgchangetopic.licensingGroup.errors
2020-05-03 13:09:11.984  INFO [licenses-service,,,] 19252 --- [KafkaConsumerDestination{consumerDestinationName='orgchangetopic', partitions=1, dlqName='null'}.container-0-C-1] o.a.k.c.c.internals.ConsumerCoordinator  : [Consumer clientId=consumer-2, groupId=licensingGroup] Setting offset for partition orgchangetopic-0 to the committed offset FetchPosition{offset=0, offsetEpoch=Optional.empty, currentLeader=LeaderAndEpoch{leader=localhost:9092 (id: 0 rack: null), epoch=0}}
2020-05-03 13:09:12.002  INFO [licenses-service,,,] 19252 --- [KafkaConsumerDestination{consumerDestinationName='orgchangetopic', partitions=1, dlqName='null'}.container-0-C-1] o.s.c.s.b.k.KafkaMessageChannelBinder$1  : licensingGroup: partitions assigned: [orgchangetopic-0]
2020-05-03 13:09:12.016  INFO [licenses-service,,,] 20944 --- [KafkaConsumerDestination{consumerDestinationName='input', partitions=1, dlqName='null'}.container-0-C-1] o.a.k.c.c.internals.ConsumerCoordinator  : [Consumer clientId=consumer-4, groupId=anonymous.cf3e129e-3966-494d-80ac-1c1aa0ccd141] Found no committed offset for partition input-0
2020-05-03 13:09:12.064  INFO [licenses-service,,,] 20944 --- [KafkaConsumerDestination{consumerDestinationName='input', partitions=1, dlqName='null'}.container-0-C-1] o.a.k.c.c.internals.SubscriptionState    : [Consumer clientId=consumer-4, groupId=anonymous.cf3e129e-3966-494d-80ac-1c1aa0ccd141] Resetting offset for partition input-0 to offset 0.
2020-05-03 13:09:12.086  INFO [licenses-service,,,] 20944 --- [KafkaConsumerDestination{consumerDestinationName='input', partitions=1, dlqName='null'}.container-0-C-1] o.s.c.s.b.k.KafkaMessageChannelBinder$1  : anonymous.cf3e129e-3966-494d-80ac-1c1aa0ccd141: partitions assigned: [input-0]
2020-05-03 13:09:12.691  INFO [licenses-service,,,] 20944 --- [main] o.s.i.monitor.IntegrationMBeanExporter   : Registering MessageChannel input.anonymous.cf3e129e-3966-494d-80ac-1c1aa0ccd141.errors
2020-05-03 13:09:12.988  INFO [licenses-service,,,] 20944 --- [main] o.apache.catalina.core.StandardService   : Stopping service [Tomcat]
2020-05-03 13:09:13.003  WARN [licenses-service,,,] 20944 --- [main] o.a.c.loader.WebappClassLoaderBase       : The web application [ROOT] appears to have started a thread named [spring.cloud.inetutils] but has failed to stop it. This is very likely to create a memory leak. Stack trace of thread:
 sun.misc.Unsafe.park(Native Method)
 java.util.concurrent.locks.LockSupport.park(LockSupport.java:175)
 java.util.concurrent.locks.AbstractQueuedSynchronizer$ConditionObject.await(AbstractQueuedSynchronizer.java:2039)
 java.util.concurrent.LinkedBlockingQueue.take(LinkedBlockingQueue.java:442)
 java.util.concurrent.ThreadPoolExecutor.getTask(ThreadPoolExecutor.java:1074)
 java.util.concurrent.ThreadPoolExecutor.runWorker(ThreadPoolExecutor.java:1134)
 java.util.concurrent.ThreadPoolExecutor$Worker.run(ThreadPoolExecutor.java:624)
 java.lang.Thread.run(Thread.java:748)
2020-05-03 13:09:13.005  WARN [licenses-service,,,] 20944 --- [main] o.a.c.loader.WebappClassLoaderBase       : The web application [ROOT] appears to have started a thread named [RxIoScheduler-1 (Evictor)] but has failed to stop it. This is very likely to create a memory leak. Stack trace of thread:
 sun.misc.Unsafe.park(Native Method)
 java.util.concurrent.locks.LockSupport.parkNanos(LockSupport.java:215)
 java.util.concurrent.locks.AbstractQueuedSynchronizer$ConditionObject.awaitNanos(AbstractQueuedSynchronizer.java:2078)
 java.util.concurrent.ScheduledThreadPoolExecutor$DelayedWorkQueue.take(ScheduledThreadPoolExecutor.java:1093)
 java.util.concurrent.ScheduledThreadPoolExecutor$DelayedWorkQueue.take(ScheduledThreadPoolExecutor.java:809)
 java.util.concurrent.ThreadPoolExecutor.getTask(ThreadPoolExecutor.java:1074)
 java.util.concurrent.ThreadPoolExecutor.runWorker(ThreadPoolExecutor.java:1134)
 java.util.concurrent.ThreadPoolExecutor$Worker.run(ThreadPoolExecutor.java:624)
 java.lang.Thread.run(Thread.java:748)
2020-05-03 13:09:13.021  INFO [licenses-service,,,] 20944 --- [main] ConditionEvaluationReportLoggingListener : 

Error starting ApplicationContext. To display the conditions report re-run your application with 'debug' enabled.
2020-05-03 13:09:13.024  INFO [licenses-service,,,] 20944 --- [main] o.s.c.n.e.s.EurekaServiceRegistry        : Unregistering application LICENSES-SERVICE with eureka with status DOWN
2020-05-03 13:09:13.057  INFO [licenses-service,,,] 20944 --- [KafkaConsumerDestination{consumerDestinationName='orgchangetopic', partitions=1, dlqName='null'}.container-0-C-1] o.a.k.c.c.internals.AbstractCoordinator  : [Consumer clientId=consumer-2, groupId=licensingGroup] Member consumer-2-96397df2-64f5-4e53-a507-d6123040064d sending LeaveGroup request to coordinator localhost:9092 (id: 2147483647 rack: null)
2020-05-03 13:09:13.064  INFO [licenses-service,,,] 20944 --- [KafkaConsumerDestination{consumerDestinationName='orgchangetopic', partitions=1, dlqName='null'}.container-0-C-1] o.a.k.clients.consumer.KafkaConsumer     : [Consumer clientId=consumer-2, groupId=licensingGroup] Unsubscribed all topics or patterns and assigned partitions
2020-05-03 13:09:13.065  INFO [licenses-service,,,] 20944 --- [KafkaConsumerDestination{consumerDestinationName='orgchangetopic', partitions=1, dlqName='null'}.container-0-C-1] o.s.s.c.ThreadPoolTaskScheduler          : Shutting down ExecutorService
2020-05-03 13:09:13.178  INFO [licenses-service,,,] 20944 --- [KafkaConsumerDestination{consumerDestinationName='orgchangetopic', partitions=1, dlqName='null'}.container-0-C-1] essageListenerContainer$ListenerConsumer : licensingGroup: Consumer stopped
2020-05-03 13:09:13.185  INFO [licenses-service,,,] 20944 --- [main] s.i.k.i.KafkaMessageDrivenChannelAdapter : stopped org.springframework.integration.kafka.inbound.KafkaMessageDrivenChannelAdapter@4a571516
2020-05-03 13:09:13.196  INFO [licenses-service,,,] 20944 --- [main] o.s.c.stream.binder.BinderErrorChannel   : Channel 'application-1.orgchangetopic.licensingGroup.errors' has 1 subscriber(s).
2020-05-03 13:09:13.200  INFO [licenses-service,,,] 20944 --- [main] o.s.c.stream.binder.BinderErrorChannel   : Channel 'application-1.orgchangetopic.licensingGroup.errors' has 0 subscriber(s).
2020-05-03 13:09:13.205  INFO [licenses-service,,,] 20944 --- [KafkaConsumerDestination{consumerDestinationName='input', partitions=1, dlqName='null'}.container-0-C-1] o.a.k.c.c.internals.AbstractCoordinator  : [Consumer clientId=consumer-4, groupId=anonymous.cf3e129e-3966-494d-80ac-1c1aa0ccd141] Member consumer-4-98ed004f-220c-4bfd-a8aa-d97a26188e9f sending LeaveGroup request to coordinator localhost:9092 (id: 2147483647 rack: null)
2020-05-03 13:09:13.206  INFO [licenses-service,,,] 20944 --- [KafkaConsumerDestination{consumerDestinationName='input', partitions=1, dlqName='null'}.container-0-C-1] o.a.k.clients.consumer.KafkaConsumer     : [Consumer clientId=consumer-4, groupId=anonymous.cf3e129e-3966-494d-80ac-1c1aa0ccd141] Unsubscribed all topics or patterns and assigned partitions
2020-05-03 13:09:13.207  INFO [licenses-service,,,] 20944 --- [KafkaConsumerDestination{consumerDestinationName='input', partitions=1, dlqName='null'}.container-0-C-1] o.s.s.c.ThreadPoolTaskScheduler          : Shutting down ExecutorService
2020-05-03 13:09:13.324  INFO [licenses-service,,,] 20944 --- [KafkaConsumerDestination{consumerDestinationName='input', partitions=1, dlqName='null'}.container-0-C-1] essageListenerContainer$ListenerConsumer : anonymous.cf3e129e-3966-494d-80ac-1c1aa0ccd141: Consumer stopped
2020-05-03 13:09:13.326  INFO [licenses-service,,,] 20944 --- [main] s.i.k.i.KafkaMessageDrivenChannelAdapter : stopped org.springframework.integration.kafka.inbound.KafkaMessageDrivenChannelAdapter@5f6dd89c
2020-05-03 13:09:13.329  INFO [licenses-service,,,] 20944 --- [main] o.s.i.endpoint.EventDrivenConsumer       : Removing {logging-channel-adapter:_org.springframework.integration.errorLogger} as a subscriber to the 'errorChannel' channel
2020-05-03 13:09:13.329  INFO [licenses-service,,,] 20944 --- [main] o.s.i.channel.PublishSubscribeChannel    : Channel 'application-1.errorChannel' has 0 subscriber(s).
2020-05-03 13:09:13.330  INFO [licenses-service,,,] 20944 --- [main] o.s.i.endpoint.EventDrivenConsumer       : stopped bean '_org.springframework.integration.errorLogger'
2020-05-03 13:09:13.352  INFO [licenses-service,,,] 20944 --- [main] o.s.s.concurrent.ThreadPoolTaskExecutor  : Shutting down ExecutorService 'applicationTaskExecutor'
2020-05-03 13:09:13.409  INFO [licenses-service,,,] 20944 --- [main] j.LocalContainerEntityManagerFactoryBean : Closing JPA EntityManagerFactory for persistence unit 'default'
2020-05-03 13:09:13.411  INFO [licenses-service,,,] 20944 --- [main] .SchemaDropperImpl$DelayedDropActionImpl : HHH000477: Starting delayed evictData of schema as part of SessionFactory shut-down'
2020-05-03 13:09:13.451  INFO [licenses-service,,,] 20944 --- [main] o.s.s.c.ThreadPoolTaskScheduler          : Shutting down ExecutorService 'taskScheduler'
2020-05-03 13:09:13.458  INFO [licenses-service,,,] 20944 --- [main] com.zaxxer.hikari.HikariDataSource       : HikariPool-1 - Shutdown initiated...
2020-05-03 13:09:13.489  INFO [licenses-service,,,] 20944 --- [main] com.zaxxer.hikari.HikariDataSource       : HikariPool-1 - Shutdown completed.
2020-05-03 13:09:13.533  INFO [licenses-service,,,] 20944 --- [main] o.s.i.monitor.IntegrationMBeanExporter   : Summary on shutdown: bean 'inboundOrgChanges'
2020-05-03 13:09:13.535  INFO [licenses-service,,,] 20944 --- [main] o.s.i.monitor.IntegrationMBeanExporter   : Summary on shutdown: nullChannel
2020-05-03 13:09:13.536  INFO [licenses-service,,,] 20944 --- [main] o.s.i.monitor.IntegrationMBeanExporter   : Summary on shutdown: bean 'errorChannel'
2020-05-03 13:09:13.536  INFO [licenses-service,,,] 20944 --- [main] o.s.i.monitor.IntegrationMBeanExporter   : Summary on shutdown: bean 'input'
2020-05-03 13:09:13.536  INFO [licenses-service,,,] 20944 --- [main] o.s.i.monitor.IntegrationMBeanExporter   : Summary on shutdown: org.springframework.cloud.stream.binding.StreamListenerMessageHandler@3284de45
2020-05-03 13:09:13.537  INFO [licenses-service,,,] 20944 --- [main] o.s.i.monitor.IntegrationMBeanExporter   : Summary on shutdown: bean '_org.springframework.integration.errorLogger.handler' for component '_org.springframework.integration.errorLogger'
2020-05-03 13:09:13.538  INFO [licenses-service,,,] 20944 --- [main] o.s.i.monitor.IntegrationMBeanExporter   : Summary on shutdown: org.springframework.cloud.stream.binding.StreamListenerMessageHandler@5390862e
2020-05-03 13:09:14.974  INFO [licenses-service,,,] 19252 --- [KafkaConsumerDestination{consumerDestinationName='orgchangetopic', partitions=1, dlqName='null'}.container-0-C-1] o.a.k.c.c.internals.AbstractCoordinator  : [Consumer clientId=consumer-2, groupId=licensingGroup] Attempt to heartbeat failed since group is rebalancing
2020-05-03 13:09:14.976  INFO [licenses-service,,,] 19252 --- [KafkaConsumerDestination{consumerDestinationName='orgchangetopic', partitions=1, dlqName='null'}.container-0-C-1] o.a.k.c.c.internals.ConsumerCoordinator  : [Consumer clientId=consumer-2, groupId=licensingGroup] Revoking previously assigned partitions [orgchangetopic-0]
2020-05-03 13:09:14.977  INFO [licenses-service,,,] 19252 --- [KafkaConsumerDestination{consumerDestinationName='orgchangetopic', partitions=1, dlqName='null'}.container-0-C-1] o.s.c.s.b.k.KafkaMessageChannelBinder$1  : licensingGroup: partitions revoked: [orgchangetopic-0]
2020-05-03 13:09:14.977  INFO [licenses-service,,,] 19252 --- [KafkaConsumerDestination{consumerDestinationName='orgchangetopic', partitions=1, dlqName='null'}.container-0-C-1] o.a.k.c.c.internals.AbstractCoordinator  : [Consumer clientId=consumer-2, groupId=licensingGroup] (Re-)joining group
2020-05-03 13:09:14.994  INFO [licenses-service,,,] 19252 --- [KafkaConsumerDestination{consumerDestinationName='orgchangetopic', partitions=1, dlqName='null'}.container-0-C-1] o.a.k.c.c.internals.AbstractCoordinator  : [Consumer clientId=consumer-2, groupId=licensingGroup] Successfully joined group with generation 9
2020-05-03 13:09:14.995  INFO [licenses-service,,,] 19252 --- [KafkaConsumerDestination{consumerDestinationName='orgchangetopic', partitions=1, dlqName='null'}.container-0-C-1] o.a.k.c.c.internals.ConsumerCoordinator  : [Consumer clientId=consumer-2, groupId=licensingGroup] Setting newly assigned partitions: orgchangetopic-0
2020-05-03 13:09:15.000  INFO [licenses-service,,,] 19252 --- [KafkaConsumerDestination{consumerDestinationName='orgchangetopic', partitions=1, dlqName='null'}.container-0-C-1] o.a.k.c.c.internals.ConsumerCoordinator  : [Consumer clientId=consumer-2, groupId=licensingGroup] Setting offset for partition orgchangetopic-0 to the committed offset FetchPosition{offset=0, offsetEpoch=Optional.empty, currentLeader=LeaderAndEpoch{leader=localhost:9092 (id: 0 rack: null), epoch=0}}
2020-05-03 13:09:15.009  INFO [licenses-service,,,] 19252 --- [KafkaConsumerDestination{consumerDestinationName='orgchangetopic', partitions=1, dlqName='null'}.container-0-C-1] o.s.c.s.b.k.KafkaMessageChannelBinder$1  : licensingGroup: partitions assigned: [orgchangetopic-0]
2020-05-03 13:09:16.716 ERROR [licenses-service,,,] 20944 --- [main] o.s.b.d.LoggingFailureAnalysisReporter   : 

***************************
APPLICATION FAILED TO START
***************************

Description:

Web server failed to start. Port 8081 was already in use.

Action:

Identify and stop the process that's listening on port 8081 or configure this application to listen on another port.

